[    0.000000] Initializing cgroup subsys cpuset
[    0.000000] Initializing cgroup subsys cpu
[    0.000000] Initializing cgroup subsys cpuacct
[    0.000000] Linux version 4.4.0-179-generic (buildd@lcy01-amd64-014) (gcc version 5.4.0 20160609 (Ubuntu 5.4.0-6ubuntu1~16.04.12) ) #209-Ubuntu SMP Fri Apr 24 17:48:44 UTC 2020 (Ubuntu 4.4.0-179.209-generic 4.4.219)
[    0.000000] Command line: BOOT_IMAGE=/boot/vmlinuz-4.4.0-179-generic root=UUID=f44ca91b-a79a-49f5-91f4-76a5443bac81 ro console=tty1 console=ttyS0
[    0.000000] KERNEL supported cpus:
[    0.000000]   Intel GenuineIntel
[    0.000000]   AMD AuthenticAMD
[    0.000000]   Centaur CentaurHauls
[    0.000000] x86/fpu: xstate_offset[2]:  576, xstate_sizes[2]:  256
[    0.000000] x86/fpu: Supporting XSAVE feature 0x01: 'x87 floating point registers'
[    0.000000] x86/fpu: Supporting XSAVE feature 0x02: 'SSE registers'
[    0.000000] x86/fpu: Supporting XSAVE feature 0x04: 'AVX registers'
[    0.000000] x86/fpu: Enabled xstate features 0x7, context size is 832 bytes, using 'standard' format.
[    0.000000] e820: BIOS-provided physical RAM map:
[    0.000000] BIOS-e820: [mem 0x0000000000000000-0x000000000009fbff] usable
[    0.000000] BIOS-e820: [mem 0x000000000009fc00-0x000000000009ffff] reserved
[    0.000000] BIOS-e820: [mem 0x00000000000f0000-0x00000000000fffff] reserved
[    0.000000] BIOS-e820: [mem 0x0000000000100000-0x000000003ffeffff] usable
[    0.000000] BIOS-e820: [mem 0x000000003fff0000-0x000000003fffffff] ACPI data
[    0.000000] BIOS-e820: [mem 0x00000000fec00000-0x00000000fec00fff] reserved
[    0.000000] BIOS-e820: [mem 0x00000000fee00000-0x00000000fee00fff] reserved
[    0.000000] BIOS-e820: [mem 0x00000000fffc0000-0x00000000ffffffff] reserved
[    0.000000] NX (Execute Disable) protection: active
[    0.000000] SMBIOS 2.5 present.
[    0.000000] Hypervisor detected: KVM
[    0.000000] e820: last_pfn = 0x3fff0 max_arch_pfn = 0x400000000
[    0.000000] MTRR: Disabled
[    0.000000] x86/PAT: MTRRs disabled, skipping PAT initialization too.
[    0.000000] CPU MTRRs all blank - virtualized system.
[    0.000000] x86/PAT: Configuration [0-7]: WB  WT  UC- UC  WB  WT  UC- UC  
[    0.000000] found SMP MP-table at [mem 0x0009fff0-0x0009ffff] mapped at [ffff88000009fff0]
[    0.000000] Scanning 1 areas for low memory corruption
[    0.000000] RAMDISK: [mem 0x361ca000-0x370dcfff]
[    0.000000] ACPI: Early table checksum verification disabled
[    0.000000] ACPI: RSDP 0x00000000000E0000 000024 (v02 VBOX  )
[    0.000000] ACPI: XSDT 0x000000003FFF0030 00003C (v01 VBOX   VBOXXSDT 00000001 ASL  00000061)
[    0.000000] ACPI: FACP 0x000000003FFF00F0 0000F4 (v04 VBOX   VBOXFACP 00000001 ASL  00000061)
[    0.000000] ACPI: DSDT 0x000000003FFF0470 002325 (v02 VBOX   VBOXBIOS 00000002 INTL 20100528)
[    0.000000] ACPI: FACS 0x000000003FFF0200 000040
[    0.000000] ACPI: FACS 0x000000003FFF0200 000040
[    0.000000] ACPI: APIC 0x000000003FFF0240 00005C (v02 VBOX   VBOXAPIC 00000001 ASL  00000061)
[    0.000000] ACPI: SSDT 0x000000003FFF02A0 0001CC (v01 VBOX   VBOXCPUT 00000002 INTL 20100528)
[    0.000000] No NUMA configuration found
[    0.000000] Faking a node at [mem 0x0000000000000000-0x000000003ffeffff]
[    0.000000] NODE_DATA(0) allocated [mem 0x3ffeb000-0x3ffeffff]
[    0.000000] kvm-clock: Using msrs 4b564d01 and 4b564d00
[    0.000000] kvm-clock: cpu 0, msr 0:3ffe3001, primary cpu clock
[    0.000000] kvm-clock: using sched offset of 4721314919 cycles
[    0.000000] clocksource: kvm-clock: mask: 0xffffffffffffffff max_cycles: 0x1cd42e4dffb, max_idle_ns: 881590591483 ns
[    0.000000] Zone ranges:
[    0.000000]   DMA      [mem 0x0000000000001000-0x0000000000ffffff]
[    0.000000]   DMA32    [mem 0x0000000001000000-0x000000003ffeffff]
[    0.000000]   Normal   empty
[    0.000000]   Device   empty
[    0.000000] Movable zone start for each node
[    0.000000] Early memory node ranges
[    0.000000]   node   0: [mem 0x0000000000001000-0x000000000009efff]
[    0.000000]   node   0: [mem 0x0000000000100000-0x000000003ffeffff]
[    0.000000] Initmem setup node 0 [mem 0x0000000000001000-0x000000003ffeffff]
[    0.000000] ACPI: PM-Timer IO Port: 0x4008
[    0.000000] IOAPIC[0]: apic_id 2, version 32, address 0xfec00000, GSI 0-23
[    0.000000] ACPI: INT_SRC_OVR (bus 0 bus_irq 0 global_irq 2 dfl dfl)
[    0.000000] ACPI: INT_SRC_OVR (bus 0 bus_irq 9 global_irq 9 low level)
[    0.000000] Using ACPI (MADT) for SMP configuration information
[    0.000000] smpboot: Allowing 2 CPUs, 0 hotplug CPUs
[    0.000000] PM: Registered nosave memory: [mem 0x00000000-0x00000fff]
[    0.000000] PM: Registered nosave memory: [mem 0x0009f000-0x0009ffff]
[    0.000000] PM: Registered nosave memory: [mem 0x000a0000-0x000effff]
[    0.000000] PM: Registered nosave memory: [mem 0x000f0000-0x000fffff]
[    0.000000] e820: [mem 0x40000000-0xfebfffff] available for PCI devices
[    0.000000] Booting paravirtualized kernel on KVM
[    0.000000] clocksource: refined-jiffies: mask: 0xffffffff max_cycles: 0xffffffff, max_idle_ns: 7645519600211568 ns
[    0.000000] setup_percpu: NR_CPUS:512 nr_cpumask_bits:512 nr_cpu_ids:2 nr_node_ids:1
[    0.000000] PERCPU: Embedded 33 pages/cpu @ffff88003fc00000 s95448 r8192 d31528 u1048576
[    0.000000] Built 1 zonelists in Node order, mobility grouping on.  Total pages: 257912
[    0.000000] Policy zone: DMA32
[    0.000000] Kernel command line: BOOT_IMAGE=/boot/vmlinuz-4.4.0-179-generic root=UUID=f44ca91b-a79a-49f5-91f4-76a5443bac81 ro console=tty1 console=ttyS0
[    0.000000] PID hash table entries: 4096 (order: 3, 32768 bytes)
[    0.000000] Memory: 997116K/1048120K available (8630K kernel code, 1336K rwdata, 4036K rodata, 1488K init, 1292K bss, 51004K reserved, 0K cma-reserved)
[    0.000000] SLUB: HWalign=64, Order=0-3, MinObjects=0, CPUs=2, Nodes=1
[    0.000000] Kernel/User page tables isolation: enabled
[    0.000000] Hierarchical RCU implementation.
[    0.000000] 	Build-time adjustment of leaf fanout to 64.
[    0.000000] 	RCU restricting CPUs from NR_CPUS=512 to nr_cpu_ids=2.
[    0.000000] RCU: Adjusting geometry for rcu_fanout_leaf=64, nr_cpu_ids=2
[    0.000000] NR_IRQS:33024 nr_irqs:440 16
[    0.000000] Console: colour VGA+ 80x25
[    0.000000] console [tty1] enabled
[    0.000000] console [ttyS0] enabled
[    0.000000] tsc: Detected 1800.004 MHz processor
[    0.196456] Calibrating delay loop (skipped) preset value.. 3600.00 BogoMIPS (lpj=7200016)
[    0.198610] pid_max: default: 32768 minimum: 301
[    0.199764] ACPI: Core revision 20150930
[    0.202636] ACPI: 2 ACPI AML tables successfully acquired and loaded
[    0.204273] Security Framework initialized
[    0.205397] Yama: becoming mindful.
[    0.206498] AppArmor: AppArmor initialized
[    0.207730] Dentry cache hash table entries: 131072 (order: 8, 1048576 bytes)
[    0.212755] Inode-cache hash table entries: 65536 (order: 7, 524288 bytes)
[    0.214662] Mount-cache hash table entries: 2048 (order: 2, 16384 bytes)
[    0.216368] Mountpoint-cache hash table entries: 2048 (order: 2, 16384 bytes)
[    0.218143] Initializing cgroup subsys io
[    0.219222] Initializing cgroup subsys memory
[    0.220442] Initializing cgroup subsys devices
[    0.221729] Initializing cgroup subsys freezer
[    0.223000] Initializing cgroup subsys net_cls
[    0.224637] Initializing cgroup subsys perf_event
[    0.226521] Initializing cgroup subsys net_prio
[    0.227784] Initializing cgroup subsys hugetlb
[    0.229580] Initializing cgroup subsys pids
[    0.232363] mce: CPU supports 0 MCE banks
[    0.233732] Last level iTLB entries: 4KB 64, 2MB 8, 4MB 8
[    0.236095] Last level dTLB entries: 4KB 64, 2MB 0, 4MB 0, 1GB 4
[    0.238089] Spectre V1 : Mitigation: usercopy/swapgs barriers and __user pointer sanitization
[    0.240803] Spectre V2 : Mitigation: Full generic retpoline
[    0.242362] Spectre V2 : Spectre v2 / SpectreRSB mitigation: Filling RSB on context switch
[    0.244626] Speculative Store Bypass: Vulnerable
[    0.246029] MDS: Vulnerable: Clear CPU buffers attempted, no microcode
[    0.250889] Freeing SMP alternatives memory: 36K
[    0.260003] ftrace: allocating 32313 entries in 127 pages
[    0.332421] smpboot: APIC(0) Converting physical 0 to logical package 0
[    0.334243] smpboot: Max logical packages: 1
[    0.335737] x2apic enabled
[    0.336913] Switched APIC routing to physical x2apic.
[    0.340066] ..TIMER: vector=0x30 apic1=0 pin1=2 apic2=-1 pin2=-1
[    0.450818] smpboot: CPU0: Intel(R) Core(TM) i5-8250U CPU @ 1.60GHz (family: 0x6, model: 0x8e, stepping: 0xa)
[    0.453862] Performance Events: unsupported p6 CPU model 142 no PMU driver, software events only.
[    0.469081] KVM setup paravirtual spinlock
[    0.471037] x86: Booting SMP configuration:
[    0.472414] .... node  #0, CPUs:      #1
[    0.473755] kvm-clock: cpu 1, msr 0:3ffe3041, secondary cpu clock
[    0.476215] mce: CPU supports 0 MCE banks
[    0.479049] x86: Booted up 1 node, 2 CPUs
[    0.480437] smpboot: Total of 2 processors activated (7200.01 BogoMIPS)
[    0.482637] devtmpfs: initialized
[    0.485561] evm: security.selinux
[    0.486539] evm: security.SMACK64
[    0.487727] evm: security.SMACK64EXEC
[    0.488845] evm: security.SMACK64TRANSMUTE
[    0.490031] evm: security.SMACK64MMAP
[    0.491058] evm: security.ima
[    0.492042] evm: security.capability
[    0.493428] clocksource: jiffies: mask: 0xffffffff max_cycles: 0xffffffff, max_idle_ns: 7645041785100000 ns
[    0.495996] futex hash table entries: 512 (order: 3, 32768 bytes)
[    0.498500] pinctrl core: initialized pinctrl subsystem
[    0.499975] RTC time: 17:27:35, date: 06/01/20
[    0.501442] NET: Registered protocol family 16
[    0.511864] cpuidle: using governor ladder
[    0.528542] cpuidle: using governor menu
[    0.531033] PCCT header not found.
[    0.533175] ACPI: bus type PCI registered
[    0.535401] acpiphp: ACPI Hot Plug PCI Controller Driver version: 0.5
[    0.538874] PCI: Using configuration type 1 for base access
[    0.552784] ACPI: Added _OSI(Module Device)
[    0.554063] ACPI: Added _OSI(Processor Device)
[    0.555663] ACPI: Added _OSI(3.0 _SCP Extensions)
[    0.556907] ACPI: Added _OSI(Processor Aggregator Device)
[    0.559062] ACPI: Executed 1 blocks of module-level executable AML code
[    0.563563] ACPI: Interpreter enabled
[    0.564760] ACPI: (supports S0 S5)
[    0.565799] ACPI: Using IOAPIC for interrupt routing
[    0.567282] PCI: Using host bridge windows from ACPI; if necessary, use "pci=nocrs" and report a bug
[    0.574893] ACPI: PCI Root Bridge [PCI0] (domain 0000 [bus 00-ff])
[    0.576544] acpi PNP0A03:00: _OSC: OS supports [ASPM ClockPM Segments MSI]
[    0.578925] acpi PNP0A03:00: _OSC: not requesting OS control; OS requires [ExtendedConfig ASPM ClockPM MSI]
[    0.582892] acpi PNP0A03:00: fail to add MMCONFIG information, can't access extended PCI configuration space under this bridge.
[    0.586853] PCI host bridge to bus 0000:00
[    0.590598] pci_bus 0000:00: root bus resource [io  0x0000-0x0cf7 window]
[    0.592583] pci_bus 0000:00: root bus resource [io  0x0d00-0xffff window]
[    0.594856] pci_bus 0000:00: root bus resource [mem 0x000a0000-0x000bffff window]
[    0.597943] pci_bus 0000:00: root bus resource [mem 0x40000000-0xfdffffff window]
[    0.600724] pci_bus 0000:00: root bus resource [bus 00-ff]
[    0.604984] pci 0000:00:01.1: legacy IDE quirk: reg 0x10: [io  0x01f0-0x01f7]
[    0.607653] pci 0000:00:01.1: legacy IDE quirk: reg 0x14: [io  0x03f6]
[    0.609349] pci 0000:00:01.1: legacy IDE quirk: reg 0x18: [io  0x0170-0x0177]
[    0.611384] pci 0000:00:01.1: legacy IDE quirk: reg 0x1c: [io  0x0376]
[    0.659474] pci 0000:00:07.0: quirk: [io  0x4000-0x403f] claimed by PIIX4 ACPI
[    0.661701] pci 0000:00:07.0: quirk: [io  0x4100-0x410f] claimed by PIIX4 SMB
[    0.675252] ACPI: PCI Interrupt Link [LNKA] (IRQs 5 9 10 *11)
[    0.679762] ACPI: PCI Interrupt Link [LNKB] (IRQs 5 9 *10 11)
[    0.681932] ACPI: PCI Interrupt Link [LNKC] (IRQs 5 *9 10 11)
[    0.684043] ACPI: PCI Interrupt Link [LNKD] (IRQs 5 9 10 *11)
[    0.686686] ACPI: Enabled 2 GPEs in block 00 to 07
[    0.688713] vgaarb: setting as boot device: PCI:0000:00:02.0
[    0.690141] vgaarb: device added: PCI:0000:00:02.0,decodes=io+mem,owns=io+mem,locks=none
[    0.692507] vgaarb: loaded
[    0.693576] vgaarb: bridge control possible 0000:00:02.0
[    0.695364] SCSI subsystem initialized
[    0.696730] ACPI: bus type USB registered
[    0.698169] usbcore: registered new interface driver usbfs
[    0.700153] usbcore: registered new interface driver hub
[    0.701610] usbcore: registered new device driver usb
[    0.703358] PCI: Using ACPI for IRQ routing
[    0.709084] NetLabel: Initializing
[    0.710332] NetLabel:  domain hash size = 128
[    0.711795] NetLabel:  protocols = UNLABELED CIPSOv4
[    0.713113] NetLabel:  unlabeled traffic allowed by default
[    0.714766] amd_nb: Cannot enumerate AMD northbridges
[    0.716195] clocksource: Switched to clocksource kvm-clock
[    0.729561] AppArmor: AppArmor Filesystem Enabled
[    0.730888] pnp: PnP ACPI init
[    0.732823] pnp: PnP ACPI: found 3 devices
[    0.745735] clocksource: acpi_pm: mask: 0xffffff max_cycles: 0xffffff, max_idle_ns: 2085701024 ns
[    0.748158] NET: Registered protocol family 2
[    0.749559] TCP established hash table entries: 8192 (order: 4, 65536 bytes)
[    0.751365] TCP bind hash table entries: 8192 (order: 5, 131072 bytes)
[    0.753005] TCP: Hash tables configured (established 8192 bind 8192)
[    0.754635] UDP hash table entries: 512 (order: 2, 16384 bytes)
[    0.756123] UDP-Lite hash table entries: 512 (order: 2, 16384 bytes)
[    0.757792] NET: Registered protocol family 1
[    0.759018] pci 0000:00:00.0: Limiting direct PCI/PCI transfers
[    0.760668] pci 0000:00:01.0: Activating ISA DMA hang workarounds
[    0.763427] Unpacking initramfs...
[    1.041493] Freeing initrd memory: 15436K
[    1.043167] clocksource: tsc: mask: 0xffffffffffffffff max_cycles: 0x19f22d4590b, max_idle_ns: 440795206913 ns
[    1.046006] platform rtc_cmos: registered platform RTC device (no PNP device found)
[    1.048127] Scanning for low memory corruption every 60 seconds
[    1.050108] audit: initializing netlink subsys (disabled)
[    1.051500] audit: type=2000 audit(1591032461.393:1): initialized
[    1.053490] Initialise system trusted keyring
[    1.055209] HugeTLB registered 2 MB page size, pre-allocated 0 pages
[    1.058075] zbud: loaded
[    1.059279] VFS: Disk quotas dquot_6.6.0
[    1.060394] VFS: Dquot-cache hash table entries: 512 (order 0, 4096 bytes)
[    1.062397] squashfs: version 4.0 (2009/01/31) Phillip Lougher
[    1.064726] fuse init (API version 7.23)
[    1.065917] Key type big_key registered
[    1.066982] Allocating IMA MOK and blacklist keyrings.
[    1.070808] Key type asymmetric registered
[    1.072078] Asymmetric key parser 'x509' registered
[    1.073477] Block layer SCSI generic (bsg) driver version 0.4 loaded (major 249)
[    1.075657] io scheduler noop registered
[    1.076754] io scheduler deadline registered (default)
[    1.078311] io scheduler cfq registered
[    1.079470] pci_hotplug: PCI Hot Plug PCI Core version: 0.5
[    1.080998] pciehp: PCI Express Hot Plug Controller Driver version: 0.4
[    1.082782] ACPI: AC Adapter [AC] (on-line)
[    1.083975] input: Power Button as /devices/LNXSYSTM:00/LNXPWRBN:00/input/input0
[    1.086066] ACPI: Power Button [PWRF]
[    1.087239] input: Sleep Button as /devices/LNXSYSTM:00/LNXSLPBN:00/input/input1
[    1.089717] ACPI: Sleep Button [SLPF]
[    1.091795] ACPI: Battery Slot [BAT0] (battery present)
[    1.093275] GHES: HEST is not enabled!
[    1.094635] Serial: 8250/16550 driver, 32 ports, IRQ sharing enabled
[    1.116892] 00:02: ttyS0 at I/O 0x3f8 (irq = 4, base_baud = 115200) is a 16550A
[    1.123282] Linux agpgart interface v0.103
[    1.129965] loop: module loaded
[    1.131640] scsi host0: ata_piix
[    1.132829] scsi host1: ata_piix
[    1.133846] ata1: PATA max UDMA/33 cmd 0x1f0 ctl 0x3f6 bmdma 0xd000 irq 14
[    1.135474] ata2: PATA max UDMA/33 cmd 0x170 ctl 0x376 bmdma 0xd008 irq 15
[    1.137603] libphy: Fixed MDIO Bus: probed
[    1.138825] tun: Universal TUN/TAP device driver, 1.6
[    1.140101] tun: (C) 1999-2004 Max Krasnyansky <maxk@qualcomm.com>
[    1.141874] PPP generic driver version 2.4.2
[    1.143232] ehci_hcd: USB 2.0 'Enhanced' Host Controller (EHCI) Driver
[    1.144921] ehci-pci: EHCI PCI platform driver
[    1.146138] ehci-platform: EHCI generic platform driver
[    1.147470] ohci_hcd: USB 1.1 'Open' Host Controller (OHCI) Driver
[    1.149184] ohci-pci: OHCI PCI platform driver
[    1.150385] ohci-platform: OHCI generic platform driver
[    1.151798] uhci_hcd: USB Universal Host Controller Interface driver
[    1.153573] i8042: PNP: PS/2 Controller [PNP0303:PS2K,PNP0f03:PS2M] at 0x60,0x64 irq 1,12
[    1.156311] serio: i8042 KBD port at 0x60,0x64 irq 1
[    1.157630] serio: i8042 AUX port at 0x60,0x64 irq 12
[    1.159356] mousedev: PS/2 mouse device common for all mice
[    1.161521] input: AT Translated Set 2 keyboard as /devices/platform/i8042/serio0/input/input2
[    1.164454] rtc_cmos rtc_cmos: rtc core: registered rtc_cmos as rtc0
[    1.166128] rtc_cmos rtc_cmos: alarms up to one day, 114 bytes nvram
[    1.167776] i2c /dev entries driver
[    1.168968] device-mapper: uevent: version 1.0.3
[    1.170370] device-mapper: ioctl: 4.34.0-ioctl (2015-10-28) initialised: dm-devel@redhat.com
[    1.173101] ledtrig-cpu: registered to indicate activity on CPUs
[    1.175611] NET: Registered protocol family 10
[    1.177178] NET: Registered protocol family 17
[    1.178495] Key type dns_resolver registered
[    1.180441] registered taskstats version 1
[    1.181657] Loading compiled-in X.509 certificates
[    1.183549] Loaded X.509 cert 'Build time autogenerated kernel key: a9e5689415cbbea5b40a198600f217117afda70c'
[    1.186146] zswap: loaded using pool lzo/zbud
[    1.189596] Key type trusted registered
[    1.195420] Key type encrypted registered
[    1.196586] AppArmor: AppArmor sha1 policy hashing enabled
[    1.197960] ima: No TPM chip found, activating TPM-bypass!
[    1.199338] ima: Allocated hash algorithm: sha1
[    1.200554] evm: HMAC attrs: 0x1
[    1.202067]   Magic number: 8:802:490
[    1.203263] rtc_cmos rtc_cmos: setting system clock to 2020-06-01 17:27:35 UTC (1591032455)
[    1.205800] BIOS EDD facility v0.16 2004-Jun-25, 0 devices found
[    1.207267] EDD information not available.
[    1.317749] Freeing unused kernel memory: 1488K
[    1.318992] Write protecting the kernel read-only data: 14336k
[    1.321097] Freeing unused kernel memory: 1600K
[    1.322616] Freeing unused kernel memory: 60K
Loading, please wait...
starting version 229
[    1.338793] random: systemd-udevd: uninitialized urandom read (16 bytes read, 3 bits of entropy available)
[    1.339334] random: udevadm: uninitialized urandom read (16 bytes read, 3 bits of entropy available)
[    1.339350] random: udevadm: uninitialized urandom read (16 bytes read, 3 bits of entropy available)
[    1.346192] random: systemd-udevd: uninitialized urandom read (16 bytes read, 3 bits of entropy available)
[    1.347583] random: udevadm: uninitialized urandom read (16 bytes read, 3 bits of entropy available)
[    1.347622] random: udevadm: uninitialized urandom read (16 bytes read, 3 bits of entropy available)
[    1.347754] random: udevadm: uninitialized urandom read (16 bytes read, 3 bits of entropy available)
[    1.347801] random: udevadm: uninitialized urandom read (16 bytes read, 3 bits of entropy available)
[    1.347850] random: udevadm: uninitialized urandom read (16 bytes read, 3 bits of entropy available)
[    1.347898] random: udevadm: uninitialized urandom read (16 bytes read, 3 bits of entropy available)
[    1.389841] e1000: Intel(R) PRO/1000 Network Driver - version 7.3.21-k8-NAPI
[    1.391543] e1000: Copyright (c) 1999-2006 Intel Corporation.
[    1.393199] Fusion MPT base driver 3.04.20
[    1.394414] Copyright (c) 1999-2008 LSI Corporation
[    1.413670] AVX2 version of gcm_enc/dec engaged.
[    1.415104] AES CTR mode by8 optimization enabled
[    1.422013] Fusion MPT SPI Host driver 3.04.20
[    1.605939] input: ImExPS/2 Generic Explorer Mouse as /devices/platform/i8042/serio1/input/input4
[    1.794876] e1000 0000:00:03.0 eth0: (PCI:33MHz:32-bit) 02:cb:9c:89:30:63
[    1.796558] e1000 0000:00:03.0 eth0: Intel(R) PRO/1000 Network Connection
[    1.799143] mptbase: ioc0: Initiating bringup
[    1.799383] e1000 0000:00:03.0 enp0s3: renamed from eth0
[    2.144498] ioc0: LSI53C1030 A0: Capabilities={Initiator}
[    4.055280] scsi host2: ioc0: LSI53C1030 A0, FwRev=00000000h, Ports=1, MaxQ=256, IRQ=20
[    5.522920] scsi 2:0:0:0: Direct-Access     VBOX     HARDDISK         1.0  PQ: 0 ANSI: 5
[    5.525428] scsi target2:0:0: Beginning Domain Validation
[    5.529755] scsi target2:0:0: Domain Validation skipping write tests
[    5.531222] scsi target2:0:0: Ending Domain Validation
[    5.532539] scsi target2:0:0: asynchronous
[    5.534091] scsi 2:0:1:0: Direct-Access     VBOX     HARDDISK         1.0  PQ: 0 ANSI: 5
[    5.536088] scsi target2:0:1: Beginning Domain Validation
[    5.538673] scsi target2:0:1: Domain Validation skipping write tests
[    5.540145] scsi target2:0:1: Ending Domain Validation
[    5.541578] scsi target2:0:1: asynchronous
[    5.566337] sd 2:0:0:0: Attached scsi generic sg0 type 0
[    5.568129] sd 2:0:0:0: [sda] 20971520 512-byte logical blocks: (10.7 GB/10.0 GiB)
[    5.568157] sd 2:0:1:0: Attached scsi generic sg1 type 0
[    5.571853] sd 2:0:1:0: [sdb] 20480 512-byte logical blocks: (10.5 MB/10.0 MiB)
[    5.572016] sd 2:0:0:0: [sda] Write Protect is off
[    5.572181] sd 2:0:0:0: [sda] Incomplete mode parameter data
[    5.572182] sd 2:0:0:0: [sda] Assuming drive cache: write through
[    5.581521] sd 2:0:1:0: [sdb] Write Protect is off
[    5.583516] sd 2:0:1:0: [sdb] Incomplete mode parameter data
[    5.585129] sd 2:0:1:0: [sdb] Assuming drive cache: write through
[    5.610568]  sda: sda1
[    5.613227] sd 2:0:0:0: [sda] Attached SCSI disk
[    5.624800] sd 2:0:1:0: [sdb] Attached SCSI disk
Begin: Loading essential drivers ... [    7.153841] md: linear personality registered for level -1
[    7.157802] md: multipath personality registered for level -4
[    7.161911] md: raid0 personality registered for level 0
[    7.167568] md: raid1 personality registered for level 1
[    7.240646] raid6: sse2x1   gen() 11278 MB/s
[    7.308459] raid6: sse2x1   xor()  8583 MB/s
[    7.376323] raid6: sse2x2   gen() 13847 MB/s
[    7.444630] raid6: sse2x2   xor()  9561 MB/s
[    7.512527] raid6: sse2x4   gen() 15240 MB/s
[    7.580343] raid6: sse2x4   xor()  9803 MB/s
[    7.648274] raid6: avx2x1   gen() 20540 MB/s
[    7.716544] raid6: avx2x2   gen() 25045 MB/s
[    7.784465] raid6: avx2x4   gen() 27093 MB/s
[    7.786135] raid6: using algorithm avx2x4 gen() 27093 MB/s
[    7.788188] raid6: using avx2x2 recovery algorithm
[    7.791322] xor: automatically using best checksumming function:
[    7.832729]    avx       : 23577.000 MB/sec
[    7.835209] async_tx: api initialized (async)
[    7.848295] md: raid6 personality registered for level 6
[    7.849607] md: raid5 personality registered for level 5
[    7.851011] md: raid4 personality registered for level 4
[    7.858384] md: raid10 personality registered for level 10
done.
Begin: Running /scripts/init-premount ... done.
Begin: Mounting root file system ... Begin: Running /scripts/local-top ... done.
Begin: Running /scripts/local-premount ... [    7.894247] Btrfs loaded
Scanning for Btrfs filesystems
done.
Warning: fsck not present, so skipping root file system
[    7.937829] EXT4-fs (sda1): INFO: recovery required on readonly filesystem
[    7.939480] EXT4-fs (sda1): write access will be enabled during recovery
[    8.049966] EXT4-fs (sda1): recovery complete
[    8.051307] EXT4-fs (sda1): mounted filesystem with ordered data mode. Opts: (null)
done.
Begin: Running /scripts/local-bottom ... done.
Begin: Running /scripts/init-bottom ... done.
[    8.621094] random: nonblocking pool is initialized
[    8.638285] systemd[1]: systemd 229 running in system mode. (+PAM +AUDIT +SELINUX +IMA +APPARMOR +SMACK +SYSVINIT +UTMP +LIBCRYPTSETUP +GCRYPT +GNUTLS +ACL +XZ -LZ4 +SECCOMP +BLKID +ELFUTILS +KMOD -IDN)
[    8.642751] systemd[1]: Detected virtualization oracle.
[    8.644094] systemd[1]: Detected architecture x86-64.

Welcome to [1mUbuntu 16.04.6 LTS[0m!

[    9.078304] systemd[1]: Set hostname to <ubuntu-xenial>.
[    9.734428] systemd[1]: Created slice System Slice.
[[0;32m  OK  [0m] Created slice System Slice.
[    9.737013] systemd[1]: Created slice system-serial\x2dgetty.slice.
[[0;32m  OK  [0m] Created slice system-serial\x2dgetty.slice.
[    9.744744] systemd[1]: Listening on Syslog Socket.
[[0;32m  OK  [0m] Listening on Syslog Socket.
[    9.752413] systemd[1]: Listening on Device-mapper event daemon FIFOs.
[[0;32m  OK  [0m] Listening on Device-mapper event daemon FIFOs.
[    9.761564] systemd[1]: Created slice User and Session Slice.
[[0;32m  OK  [0m] Created slice User and Session Slice.
[    9.769098] systemd[1]: Listening on /dev/initctl Compatibility Named Pipe.
[[0;32m  OK  [0m] Listening on /dev/initctl Compatibility Named Pipe.
[    9.772161] systemd[1]: Listening on Journal Socket (/dev/log).
[[0;32m  OK  [0m] Listening on Journal Socket (/dev/log).
[    9.780799] systemd[1]: Listening on LVM2 metadata daemon socket.
[[0;32m  OK  [0m] Listening on LVM2 metadata daemon socket.
[    9.788938] systemd[1]: Listening on Journal Audit Socket.
[[0;32m  OK  [0m] Listening on Journal Audit Socket.
[    9.791712] systemd[1]: Set up automount Arbitrary Executable File Formats File System Automount Point.
[[0;32m  OK  [0m] Set up automount Arbitrary Executab...ats File System Automount Point.
[    9.801404] systemd[1]: Reached target Encrypted Volumes.
[[0;32m  OK  [0m] Reached target Encrypted Volumes.
[    9.803916] systemd[1]: Reached target User and Group Name Lookups.
[[0;32m  OK  [0m] Reached target User and Group Name Lookups.
[    9.812547] systemd[1]: Reached target System Time Synchronized.
[[0;32m  OK  [0m] Reached target System Time Synchronized.
[    9.815018] systemd[1]: Reached target Swap.
[[0;32m  OK  [0m] Reached target Swap.
[    9.824887] systemd[1]: Started Trigger resolvconf update for networkd DNS.
[[0;32m  OK  [0m] Started Trigger resolvconf update for networkd DNS.
[    9.833289] systemd[1]: Reached target Slices.
[[0;32m  OK  [0m] Reached target Slices.
[    9.840798] systemd[1]: Listening on udev Control Socket.
[[0;32m  OK  [0m] Listening on udev Control Socket.
[    9.848634] systemd[1]: Listening on Journal Socket.
[[0;32m  OK  [0m] Listening on Journal Socket.
[    9.873244] systemd[1]: Starting Load Kernel Modules...
         Starting Load Kernel Modules...
[    9.881832] systemd[1]: Starting Remount Root and Kernel File Systems...
         Starting Remount Root and Kernel File Systems...
[    9.893652] systemd[1]: Starting Journal Service...
         Starting Journal Service...
[    9.902018] systemd[1]: Mounting POSIX Message Queue File System...
         Mounting POSIX Message Queue File System...
[    9.914381] systemd[1]: Starting Monitoring of LVM2 mirrors, snapshots etc. using dmeventd or progress polling...
         Starting Monitoring of LVM2 mirrors... dmeventd or progress polling...
[    9.918628] systemd[1]: Mounting Debug File System...
         Mounting Debug File System...
[    9.921687] systemd[1]: Starting Set console keymap...
         Starting Set console keymap...
[    9.924415] systemd[1]: Starting Nameserver information manager...
         Starting Nameserver information manager...
[    9.933271] systemd[1]: Mounting Huge Pages File System...
         Mounting Huge Pages File System...
[    9.935521] systemd[1]: Listening on LVM2 poll daemon socket.
[[0;32m  OK  [0m] Listening on LVM2 poll daemon socket.
[    9.945904] systemd[1]: Starting Create list of required static device nodes for the current kernel...
         Starting Create list of required st... nodes for the current kernel...
[    9.972385] systemd[1]: Starting Uncomplicated firewall...
         Starting Uncomplicated firewall...
[    9.980791] systemd[1]: Listening on udev Kernel Socket.
[[0;32m  OK  [0m] Listening on udev Kernel Socket.
[    9.983528] systemd[1]: Started Forward Password Requests to Wall Directory Watch.
[[0;32m  OK  [0m] Started Forward Password Requests to Wall Directory Watch.
[    9.994483] systemd[1]: Started Journal Service.
[[0;32m  OK  [0m] Started Journal Service.
[[0;32m  OK  [0m] Started Create list of required sta...ce nodes for the current kernel.
[[0;32m  OK  [0m] Started Uncomplicated firewall.
[   10.019999] EXT4-fs (sda1): re-mounted. Opts: (null)
         Starting Create Static Device Nodes in /dev...
[[0;32m  OK  [0m] Mounted POSIX Message Queue File System.
[   10.036713] Loading iSCSI transport class v2.0-870.
[[0;32m  OK  [0m] Mounted Debug File System.
[[0;32m  OK  [0m] Mounted Huge Pages File System.
[[0;32m  OK  [0m] Started Remount Root and Kernel File Systems.
         Starting Load/Save Random Seed...
         Starting udev Coldplug all Devices...
         Starting Flush Journal to Persistent Storage...
[[0;32m  OK  [0m] Started Nameserver information manager.
[[0;32m  OK  [0m] Started Load/Save Random Seed.
[[0;32m  OK  [0m] Started udev Coldplug all Devices.
[   10.276110] iscsi: registered transport (tcp)
[[0;32m  OK  [0m] Started Set console keymap.
[[0;32m  OK  [0m] Started LVM2 metadata daemon.
[   10.382918] systemd-journald[370]: Received request to flush runtime journal from PID 1
[[0;32m  OK  [0m] Started Flush Journal to Persistent Storage.
[[0;32m  OK  [0m] Started Create Static Device Nodes in /dev.
[   10.452392] iscsi: registered transport (iser)
         Starting udev Kernel Device Manager...
[[0;32m  OK  [0m] Started Load Kernel Modules.
         Starting Apply Kernel Variables...
         Mounting FUSE Control File System...
[[0;32m  OK  [0m] Mounted FUSE Control File System.
[[0;32m  OK  [0m] Started Apply Kernel Variables.
[[0;32m  OK  [0m] Started Monitoring of LVM2 mirrors,...ng dmeventd or progress polling.
[[0;32m  OK  [0m] Reached target Local File Systems (Pre).
[[0;32m  OK  [0m] Reached target Local File Systems.
         Starting Set console font and keymap...
         Starting Tell Plymouth To Write Out Runtime Data...
         Starting Create Volatile Files and Directories...
         Starting LSB: AppArmor initialization...
         Starting Initial cloud-init job (pre-networking)...
[[0;32m  OK  [0m] Started Create Volatile Files and Directories.
         Starting Update UTMP about System Boot/Shutdown...
[[0;32m  OK  [0m] Started Update UTMP about System Boot/Shutdown.
[[0;32m  OK  [0m] Started Tell Plymouth To Write Out Runtime Data.
[[0;32m  OK  [0m] Started udev Kernel Device Manager.
         Starting LSB: QEMU KVM module loading script...
[[0;32m  OK  [0m] Started Dispatch Password Requests to Console Directory Watch.
[[0;32m  OK  [0m] Found device /dev/ttyS0.
[[0;32m  OK  [0m] Started Set console font and keymap.
[[0;32m  OK  [0m] Created slice system-getty.slice.
[[0;32m  OK  [0m] Started LSB: QEMU KVM module loading script.
[[0;32m  OK  [0m] Started LSB: AppArmor initialization.
[[0;32m  OK  [0m] Listening on Load/Save RF Kill Switch Status /dev/rfkill Watch.
[[0;32m  OK  [0m] Found device 82540EM Gigabit Ethern...r (PRO/1000 MT Desktop Adapter).
[   14.507053] cloud-init[478]: Cloud-init v. 19.4-33-gbb4131a2-0ubuntu1~16.04.1 running 'init-local' at Mon, 01 Jun 2020 17:27:48 +0000. Up 13.90 seconds.
[[0;32m  OK  [0m] Started Initial cloud-init job (pre-networking).
[[0;32m  OK  [0m] Reached target Network (Pre).
         Starting Raise network interfaces...
[[0;32m  OK  [0m] Started ifup for enp0s3.
[[0;32m  OK  [0m] Started Raise network interfaces.
[[0;32m  OK  [0m] Reached target Network.
         Starting Initial cloud-init job (metadata service crawler)...
[   16.201244] cloud-init[982]: Cloud-init v. 19.4-33-gbb4131a2-0ubuntu1~16.04.1 running 'init' at Mon, 01 Jun 2020 17:27:50 +0000. Up 15.55 seconds.
[   16.208415] cloud-init[982]: ci-info: ++++++++++++++++++++++++++++++++++++++Net device info++++++++++++++++++++++++++++++++++++++
[   16.217096] cloud-init[982]: ci-info: +--------+------+----------------------------+---------------+--------+-------------------+
[   16.224856] cloud-init[982]: ci-info: | Device |  Up  |          Address           |      Mask     | Scope  |     Hw-Address    |
[   16.226554] cloud-init[982]: ci-info: +--------+------+----------------------------+---------------+--------+-------------------+
[   16.227715] cloud-init[982]: ci-info: | enp0s3 | True |         10.0.2.15          | 255.255.255.0 | global | 02:cb:9c:89:30:63 |
[   16.229330] cloud-init[982]: ci-info: | enp0s3 | True | fe80::cb:9cff:fe89:3063/64 |       .       |  link  | 02:cb:9c:89:30:63 |
[   16.230822] cloud-init[982]: ci-info: |   lo   | True |         127.0.0.1          |   255.0.0.0   |  host  |         .         |
[   16.236706] cloud-init[982]: ci-info: |   lo   | True |          ::1/128           |       .       |  host  |         .         |
[   16.244387] cloud-init[982]: ci-info: +--------+------+----------------------------+---------------+--------+-------------------+
[   16.245776] cloud-init[982]: ci-info: +++++++++++++++++++++++++++Route IPv4 info++++++++++++++++++++++++++++
[   16.252455] cloud-init[982]: ci-info: +-------+-------------+----------+---------------+-----------+-------+
[[0;32m  OK  [0m] Started Initial cloud-init job (metadata service crawler).
[   16.252623] cloud-init[982]: ci-info: | Route | Destination | Gateway  |    Genmask    | Interface | Flags |
[   16.262187] cloud-init[982]: ci-info: +-------+-------------+----------+---------------+-----------+-------+
[   16.262435] [cloud-init[0;32m  OK  [0m[982]: ] ci-info: |   0   |   0.0.0.0   | 10.0.2.2 |    0.0.0.0    |   enp0s3  |   UG  |Reached target Cloud-config availability.

[   16.262481] cloud-init[982]: ci-info: |   1   |   10.0.2.0  | 0.0.0.0  | 255.255.255.0 |   enp0s3  |   U   |
[[0;32m  OK  [0m] Reached target System Initialization.
[   16.273576] cloud-init[982]: ci-info: +-------+-------------+----------+---------------+-----------+-------+
[   16.282814] cloud-init[982]: ci-info: +++++++++++++++++++Route IPv6 info+++++++++++++++++++
[   16.283106] cloud-init[982]: ci-info: +-------+-------------+---------+-----------+-------+
[   16.283337] cloud-init[982]: ci-info: | Route | Destination | Gateway | Interface | Flags |
[   16.283652] cloud-init[982]: ci-info: +-------+-------------+---------+-----------+-------+
[   16.284483] cloud-init[982]: ci-info: |   0   |  fe80::/64  |    ::   |   enp0s3  |   U   |
[   16.284965] cloud-init[982]: ci-info: |   3   |   ff00::/8  |    ::   |   enp0s3  |   U   |
[   16.285431] cloud-init[982]: ci-info: +-------+-------------+---------+-----------+-------+
         Starting LXD - unix socket.
[[0;32m  OK  [0m] Started Daily apt download activities.
[[0;32m  OK  [0m] Started Daily apt upgrade and clean activities.
[[0;32m  OK  [0m] Listening on UUID daemon activation socket.
[[0;32m  OK  [0m] Listening on D-Bus System Message Bus Socket.
[[0;32m  OK  [0m] Started ACPI Events Check.
[[0;32m  OK  [0m] Reached target Paths.
         Starting Socket activation for snappy daemon.
[[0;32m  OK  [0m] Started Message of the Day.
[[0;32m  OK  [0m] Started Daily Cleanup of Temporary Directories.
[[0;32m  OK  [0m] Listening on ACPID Listen Socket.
[[0;32m  OK  [0m] Reached target Timers.
[[0;32m  OK  [0m] Reached target Network is Online.
         Starting iSCSI initiator daemon (iscsid)...
[[0;32m  OK  [0m] Listening on LXD - unix socket.
[[0;32m  OK  [0m] Listening on Socket activation for snappy daemon.
[[0;32m  OK  [0m] Reached target Sockets.
[[0;32m  OK  [0m] Reached target Basic System.
[[0;32m  OK  [0m] Started D-Bus System Message Bus.
         Starting System Logging Service...
[[0;32m  OK  [0m] Started ACPI event daemon.
         Starting LSB: Record successful boot for GRUB...
[[0;32m  OK  [0m] Started FUSE filesystem for LXC.
         Starting Message of the Day...
         Starting Login Service...
         Starting Accounts Service...
[[0;32m  OK  [0m] Started Regular background program processing daemon.
         Starting Virtualbox guest utils...
         Starting LSB: MD monitoring daemon...
[[0;32m  OK  [0m] Started Deferred execution scheduler.
         Starting /etc/rc.local Compatibility...
         Starting Snappy daemon...
         Starting OpenBSD Secure Shell server...
         Starting LXD - container startup/shutdown...
[[0;32m  OK  [0m] Started /etc/rc.local Compatibility.
[[0;32m  OK  [0m] Started Login Service.
[[0;32m  OK  [0m] Started Unattended Upgrades Shutdown.
[[0;32m  OK  [0m] Started LSB: Record successful boot for GRUB.
[[0;32m  OK  [0m] Started iSCSI initiator daemon (iscsid).
         Starting Login to default iSCSI targets...
[[0;32m  OK  [0m] Started LSB: MD monitoring daemon.
[[0;32m  OK  [0m] Started System Logging Service.
[[0;32m  OK  [0m] Started Login to default iSCSI targets.
[[0;32m  OK  [0m] Reached target Remote File Systems (Pre).
[[0;32m  OK  [0m] Reached target Remote File Systems.
         Starting LSB: Set the CPU Frequency Scaling governor to "ondemand"...
         Starting LSB: daemon to balance interrupts for SMP systems...
         Starting Permit User Sessions...
         Starting LSB: automatic crash report generation...
[[0;32m  OK  [0m] Started LSB: Set the CPU Frequency Scaling governor to "ondemand".
[[0;32m  OK  [0m] Started Permit User Sessions.
         Starting Hold until boot process finishes up...
         Starting Terminate Plymouth Boot Screen...
[[0;32m  OK  [0m] Started Hold until boot process finishes up.
[[0;32m  OK  [0m] Started Terminate Plymouth Boot Screen.
[[0;32m  OK  [0m] Started Serial Getty on ttyS0.
         Starting Set console scheme...
[[0;32m  OK  [0m] Started Getty on tty1.
[[0;32m  OK  [0m] Reached target Login Prompts.
[[0;32m  OK  [0m] Started LSB: daemon to balance interrupts for SMP systems.
[[0;32m  OK  [0m] Started Virtualbox guest utils.
[[0;32m  OK  [0m] Started LSB: automatic crash report generation.
[[0;32m  OK  [0m] Started Set console scheme.
[[0;32m  OK  [0m] Started OpenBSD Secure Shell server.
         Starting Authenticate and Authorize Users to Run Privileged Tasks...
[[0;32m  OK  [0m] Started Authenticate and Authorize Users to Run Privileged Tasks.
[[0;32m  OK  [0m] Started Accounts Service.
[[0;32m  OK  [0m] Created slice User Slice of vagrant.
[[0;32m  OK  [0m] Started LXD - container startup/shutdown.
[[0;32m  OK  [0m] Started Session 1 of user vagrant.
         Starting User Manager for UID 1000...
[[0;32m  OK  [0m] Started Snappy daemon.
         Starting Wait until snapd is fully seeded...
[[0;32m  OK  [0m] Started User Manager for UID 1000.
[[0;32m  OK  [0m] Started Wait until snapd is fully seeded.
         Starting Apply the settings specified in cloud-config...
[[0;32m  OK  [0m] Reached target Multi-User System.
[[0;32m  OK  [0m] Reached target Graphical Interface.
         Starting Update UTMP about System Runlevel Changes...
[[0;32m  OK  [0m] Started Update UTMP about System Runlevel Changes.
[   21.045335] cloud-init[1282]: Cloud-init v. 19.4-33-gbb4131a2-0ubuntu1~16.04.1 running 'modules:config' at Mon, 01 Jun 2020 17:27:55 +0000. Up 20.77 seconds.
[[0;32m  OK  [0m] Started Apply the settings specified in cloud-config.
         Starting Execute cloud user/final scripts...
[[0;32m  OK  [0m] Started Message of the Day.
[   21.848663] cloud-init[1344]: Cloud-init v. 19.4-33-gbb4131a2-0ubuntu1~16.04.1 running 'modules:final' at Mon, 01 Jun 2020 17:27:56 +0000. Up 21.59 seconds.
[   21.850840] cloud-init[1344]: Cloud-init v. 19.4-33-gbb4131a2-0ubuntu1~16.04.1 finished at Mon, 01 Jun 2020 17:27:56 +0000. Datasource DataSourceNoCloud [seed=/dev/sdb][dsmode=net].  Up 21.83 seconds
[[0;32m  OK  [0m] Started Execute cloud user/final scripts.
[[0;32m  OK  [0m] Reached target Cloud-init target.
         Starting Daily apt download activities...

Ubuntu 16.04.6 LTS ubuntu-xenial ttyS0

ubuntu-xenial login: 